%!Adobe-FontList 1.14
%Locale:0x409

%BeginFont
Handler:DirectoryHandler
FontType:Invalid
OutlineFileName:C:\Users\Sheikh Sahed\Desktop\Project-5\Font\DroidSerif-Italic.woff
FileModTime:1643250885
%EndFont

%BeginFont
Handler:DirectoryHandler
FontType:Type1
FontName:Wisdom-Script
FamilyName:Wisdom Script
StyleName:Regular
FullName:Wisdom Script
MenuName:Wisdom Script
StyleBits:0
WritingScript:Roman
OutlineFileName:C:\Users\Sheikh Sahed\Desktop\Project-5\Font\Wisdom Script AJ.otf
DataFormat:sfntData
UsesStandardEncoding:yes
isCFF:yes
FileLength:17964
FileModTime:1643250207
WeightClass:400
WidthClass:5
AngleClass:0
%EndFont

